cl : command line  warning D9025: overriding '/sdl' with '/GS-'
  macroframework.cpp
C:\Users\Sviat\source\repos\publicsuspend\visual studio\macroframework.cpp(210,18): warning C4244: 'initializing': conversion from 'double' to 'int', possible loss of data
C:\Users\Sviat\source\repos\publicsuspend\visual studio\macroframework.cpp(211,19): warning C4244: 'initializing': conversion from 'double' to 'int', possible loss of data
C:\Users\Sviat\source\repos\publicsuspend\visual studio\macroframework.cpp(414,28): warning C4996: 'std::codecvt_utf8<wchar_t,1114111,(std::codecvt_mode)0>': warning STL4017: std::wbuffer_convert, std::wstring_convert, and the <codecvt> header (containing std::codecvt_mode, std::codecvt_utf8, std::codecvt_utf16, and std::codecvt_utf8_utf16) are deprecated in C++17. (The std::codecvt class template is NOT deprecated.) The C++ Standard doesn't provide equivalent non-deprecated functionality; consider using MultiByteToWideChar() and WideCharToMultiByte() from <Windows.h> instead. You can define _SILENCE_CXX17_CODECVT_HEADER_DEPRECATION_WARNING or _SILENCE_ALL_CXX17_DEPRECATION_WARNINGS to suppress this warning.
  C:\Program Files\Microsoft Visual Studio\2022\Community\VC\Tools\MSVC\14.38.33130\include\codecvt(34,1):
  see declaration of 'std::codecvt_utf8'
  
C:\Users\Sviat\source\repos\publicsuspend\visual studio\macroframework.cpp(414,7): warning C4996: 'std::wstring_convert<std::codecvt_utf8<wchar_t,1114111,(std::codecvt_mode)0>,wchar_t,std::allocator<wchar_t>,std::allocator<char>>': warning STL4017: std::wbuffer_convert, std::wstring_convert, and the <codecvt> header (containing std::codecvt_mode, std::codecvt_utf8, std::codecvt_utf16, and std::codecvt_utf8_utf16) are deprecated in C++17. (The std::codecvt class template is NOT deprecated.) The C++ Standard doesn't provide equivalent non-deprecated functionality; consider using MultiByteToWideChar() and WideCharToMultiByte() from <Windows.h> instead. You can define _SILENCE_CXX17_CODECVT_HEADER_DEPRECATION_WARNING or _SILENCE_ALL_CXX17_DEPRECATION_WARNINGS to suppress this warning.
  C:\Program Files\Microsoft Visual Studio\2022\Community\VC\Tools\MSVC\14.38.33130\include\xlocbuf(303,1):
  see declaration of 'std::wstring_convert'
  
C:\Users\Sviat\source\repos\publicsuspend\visual studio\macroframework.cpp(414,51): warning C4996: 'std::wstring_convert<std::codecvt_utf8<wchar_t,1114111,(std::codecvt_mode)0>,wchar_t,std::allocator<wchar_t>,std::allocator<char>>::wstring_convert': warning STL4017: std::wbuffer_convert, std::wstring_convert, and the <codecvt> header (containing std::codecvt_mode, std::codecvt_utf8, std::codecvt_utf16, and std::codecvt_utf8_utf16) are deprecated in C++17. (The std::codecvt class template is NOT deprecated.) The C++ Standard doesn't provide equivalent non-deprecated functionality; consider using MultiByteToWideChar() and WideCharToMultiByte() from <Windows.h> instead. You can define _SILENCE_CXX17_CODECVT_HEADER_DEPRECATION_WARNING or _SILENCE_ALL_CXX17_DEPRECATION_WARNINGS to suppress this warning.
C:\Users\Sviat\source\repos\publicsuspend\visual studio\macroframework.cpp(415,37): warning C4996: 'std::wstring_convert<std::codecvt_utf8<wchar_t,1114111,(std::codecvt_mode)0>,wchar_t,std::allocator<wchar_t>,std::allocator<char>>::from_bytes': warning STL4017: std::wbuffer_convert, std::wstring_convert, and the <codecvt> header (containing std::codecvt_mode, std::codecvt_utf8, std::codecvt_utf16, and std::codecvt_utf8_utf16) are deprecated in C++17. (The std::codecvt class template is NOT deprecated.) The C++ Standard doesn't provide equivalent non-deprecated functionality; consider using MultiByteToWideChar() and WideCharToMultiByte() from <Windows.h> instead. You can define _SILENCE_CXX17_CODECVT_HEADER_DEPRECATION_WARNING or _SILENCE_ALL_CXX17_DEPRECATION_WARNINGS to suppress this warning.
C:\Users\Sviat\source\repos\publicsuspend\visual studio\macroframework.cpp(630,4): warning C4996: 'strncpy': This function or variable may be unsafe. Consider using strncpy_s instead. To disable deprecation, use _CRT_SECURE_NO_WARNINGS. See online help for details.
C:\Users\Sviat\source\repos\publicsuspend\visual studio\macroframework.cpp(631,4): warning C4996: 'strncpy': This function or variable may be unsafe. Consider using strncpy_s instead. To disable deprecation, use _CRT_SECURE_NO_WARNINGS. See online help for details.
C:\Users\Sviat\source\repos\publicsuspend\visual studio\macroframework.cpp(632,4): warning C4996: 'strncpy': This function or variable may be unsafe. Consider using strncpy_s instead. To disable deprecation, use _CRT_SECURE_NO_WARNINGS. See online help for details.
C:\Users\Sviat\source\repos\publicsuspend\visual studio\macroframework.cpp(633,4): warning C4996: 'strncpy': This function or variable may be unsafe. Consider using strncpy_s instead. To disable deprecation, use _CRT_SECURE_NO_WARNINGS. See online help for details.
C:\Users\Sviat\source\repos\publicsuspend\visual studio\macroframework.cpp(634,4): warning C4996: 'strncpy': This function or variable may be unsafe. Consider using strncpy_s instead. To disable deprecation, use _CRT_SECURE_NO_WARNINGS. See online help for details.
C:\Users\Sviat\source\repos\publicsuspend\visual studio\macroframework.cpp(635,4): warning C4996: 'strncpy': This function or variable may be unsafe. Consider using strncpy_s instead. To disable deprecation, use _CRT_SECURE_NO_WARNINGS. See online help for details.
C:\Users\Sviat\source\repos\publicsuspend\visual studio\macroframework.cpp(636,4): warning C4996: 'strncpy': This function or variable may be unsafe. Consider using strncpy_s instead. To disable deprecation, use _CRT_SECURE_NO_WARNINGS. See online help for details.
C:\Users\Sviat\source\repos\publicsuspend\visual studio\macroframework.cpp(637,4): warning C4996: 'strncpy': This function or variable may be unsafe. Consider using strncpy_s instead. To disable deprecation, use _CRT_SECURE_NO_WARNINGS. See online help for details.
C:\Users\Sviat\source\repos\publicsuspend\visual studio\macroframework.cpp(638,4): warning C4996: 'strncpy': This function or variable may be unsafe. Consider using strncpy_s instead. To disable deprecation, use _CRT_SECURE_NO_WARNINGS. See online help for details.
C:\Users\Sviat\source\repos\publicsuspend\visual studio\macroframework.cpp(639,4): warning C4996: 'strncpy': This function or variable may be unsafe. Consider using strncpy_s instead. To disable deprecation, use _CRT_SECURE_NO_WARNINGS. See online help for details.
C:\Users\Sviat\source\repos\publicsuspend\visual studio\macroframework.cpp(645,36): warning C4101: 'e': unreferenced local variable
C:\Users\Sviat\source\repos\publicsuspend\visual studio\macroframework.cpp(745,41): warning C4101: 'e': unreferenced local variable
C:\Users\Sviat\source\repos\publicsuspend\visual studio\macroframework.cpp(747,37): warning C4101: 'e': unreferenced local variable
C:\Users\Sviat\source\repos\publicsuspend\visual studio\macroframework.cpp(786,41): warning C4101: 'e': unreferenced local variable
C:\Users\Sviat\source\repos\publicsuspend\visual studio\macroframework.cpp(788,37): warning C4101: 'e': unreferenced local variable
C:\Users\Sviat\source\repos\publicsuspend\visual studio\macroframework.cpp(822,13): warning C4996: 'strncpy': This function or variable may be unsafe. Consider using strncpy_s instead. To disable deprecation, use _CRT_SECURE_NO_WARNINGS. See online help for details.
C:\Users\Sviat\source\repos\publicsuspend\visual studio\macroframework.cpp(849,13): warning C4996: 'strncpy': This function or variable may be unsafe. Consider using strncpy_s instead. To disable deprecation, use _CRT_SECURE_NO_WARNINGS. See online help for details.
C:\Users\Sviat\source\repos\publicsuspend\visual studio\macroframework.cpp(1012,19): warning C4267: 'argument': conversion from 'size_t' to 'int', possible loss of data
C:\Users\Sviat\source\repos\publicsuspend\visual studio\macroframework.cpp(1027,25): warning C4267: '=': conversion from 'size_t' to 'int', possible loss of data
C:\Users\Sviat\source\repos\publicsuspend\visual studio\macroframework.cpp(1213,29): warning C4244: 'initializing': conversion from 'double' to 'float', possible loss of data
C:\Users\Sviat\source\repos\publicsuspend\visual studio\macroframework.cpp(1233,7): warning C4996: 'sprintf': This function or variable may be unsafe. Consider using sprintf_s instead. To disable deprecation, use _CRT_SECURE_NO_WARNINGS. See online help for details.
C:\Users\Sviat\source\repos\publicsuspend\visual studio\macroframework.cpp(1178,44): warning C4101: 'e': unreferenced local variable
C:\Users\Sviat\source\repos\publicsuspend\visual studio\macroframework.cpp(1179,40): warning C4101: 'e': unreferenced local variable
C:\Users\Sviat\source\repos\publicsuspend\visual studio\macroframework.cpp(1221,46): warning C4101: 'e': unreferenced local variable
C:\Users\Sviat\source\repos\publicsuspend\visual studio\macroframework.cpp(1222,42): warning C4101: 'e': unreferenced local variable
C:\Users\Sviat\source\repos\publicsuspend\visual studio\macroframework.cpp(1228,46): warning C4101: 'e': unreferenced local variable
C:\Users\Sviat\source\repos\publicsuspend\visual studio\macroframework.cpp(1229,42): warning C4101: 'e': unreferenced local variable
C:\Users\Sviat\source\repos\publicsuspend\visual studio\macroframework.cpp(1247,44): warning C4101: 'e': unreferenced local variable
C:\Users\Sviat\source\repos\publicsuspend\visual studio\macroframework.cpp(1248,40): warning C4101: 'e': unreferenced local variable
C:\Users\Sviat\source\repos\publicsuspend\visual studio\macroframework.cpp(1271,44): warning C4101: 'e': unreferenced local variable
C:\Users\Sviat\source\repos\publicsuspend\visual studio\macroframework.cpp(1272,40): warning C4101: 'e': unreferenced local variable
C:\Users\Sviat\source\repos\publicsuspend\visual studio\macroframework.cpp(1315,44): warning C4101: 'e': unreferenced local variable
C:\Users\Sviat\source\repos\publicsuspend\visual studio\macroframework.cpp(1316,40): warning C4101: 'e': unreferenced local variable
C:\Users\Sviat\source\repos\publicsuspend\visual studio\macroframework.cpp(1363,44): warning C4101: 'e': unreferenced local variable
C:\Users\Sviat\source\repos\publicsuspend\visual studio\macroframework.cpp(1364,40): warning C4101: 'e': unreferenced local variable
C:\Users\Sviat\source\repos\publicsuspend\visual studio\macroframework.cpp(1418,6): warning C4101: 'msg': unreferenced local variable
C:\Users\Sviat\source\repos\publicsuspend\visual studio\macroframework.cpp(758): warning C4715: 'BindKeyMode': not all control paths return a value
C:\Users\Sviat\source\repos\publicsuspend\visual studio\macroframework.cpp(799): warning C4715: 'BindKeyModeAlt': not all control paths return a value
LINK : warning LNK4075: ignoring '/INCREMENTAL' due to '/LTCG' specification
  LINK : /LTCG specified but no code generation required; remove /LTCG from the link command line to improve linker performance
  suspend.vcxproj -> C:\Users\Sviat\source\repos\publicsuspend\visual studio\x64\Release\suspend.exe
